Using pre-set license
Built from '2021.3/staging' branch; Version is '2021.3.20f1 (577897200b8b) revision 5732503'; Using compiler version '192829333'; Build Type 'Release'
OS: 'Windows 10  (10.0.19044) 64bit Professional' Language: 'ru' Physical Memory: 16328 MB
BatchMode: 1, IsHumanControllingUs: 0, StartBugReporterOnCrash: 0, Is64bit: 1, IsPro: 1

COMMAND LINE ARGUMENTS:
C:\Program Files\Unity\Hub\Editor\2021.3.20f1\Editor\Unity.exe
-adb2
-batchMode
-noUpm
-name
AssetImportWorker6
-projectPath
C:/Users/Root/Documents/Gobl-IN
-logFile
Logs/AssetImportWorker6.log
-srvPort
65374
Successfully changed project path to: C:/Users/Root/Documents/Gobl-IN
C:/Users/Root/Documents/Gobl-IN
[UnityMemory] Configuration Parameters - Can be set up in boot.config
    "memorysetup-bucket-allocator-granularity=16"
    "memorysetup-bucket-allocator-bucket-count=8"
    "memorysetup-bucket-allocator-block-size=33554432"
    "memorysetup-bucket-allocator-block-count=8"
    "memorysetup-main-allocator-block-size=16777216"
    "memorysetup-thread-allocator-block-size=16777216"
    "memorysetup-gfx-main-allocator-block-size=16777216"
    "memorysetup-gfx-thread-allocator-block-size=16777216"
    "memorysetup-cache-allocator-block-size=4194304"
    "memorysetup-typetree-allocator-block-size=2097152"
    "memorysetup-profiler-bucket-allocator-granularity=16"
    "memorysetup-profiler-bucket-allocator-bucket-count=8"
    "memorysetup-profiler-bucket-allocator-block-size=33554432"
    "memorysetup-profiler-bucket-allocator-block-count=8"
    "memorysetup-profiler-allocator-block-size=16777216"
    "memorysetup-profiler-editor-allocator-block-size=1048576"
    "memorysetup-temp-allocator-size-main=16777216"
    "memorysetup-job-temp-allocator-block-size=2097152"
    "memorysetup-job-temp-allocator-block-size-background=1048576"
    "memorysetup-job-temp-allocator-reduction-small-platforms=262144"
    "memorysetup-temp-allocator-size-background-worker=32768"
    "memorysetup-temp-allocator-size-job-worker=262144"
    "memorysetup-temp-allocator-size-preload-manager=33554432"
    "memorysetup-temp-allocator-size-nav-mesh-worker=65536"
    "memorysetup-temp-allocator-size-audio-worker=65536"
    "memorysetup-temp-allocator-size-cloud-worker=32768"
    "memorysetup-temp-allocator-size-gi-baking-worker=262144"
    "memorysetup-temp-allocator-size-gfx=262144"
Player connection [39332] Host "[IP] 26.140.144.166 [Port] 0 [Flags] 2 [Guid] 2362457532 [EditorId] 2362457532 [Version] 1048832 [Id] WindowsEditor(7,DESKTOP-DUQUABT) [Debug] 1 [PackageName] WindowsEditor [ProjectName] Editor" joined multi-casting on [225.0.0.222:54997]...

Player connection [39332] Host "[IP] 26.140.144.166 [Port] 0 [Flags] 2 [Guid] 2362457532 [EditorId] 2362457532 [Version] 1048832 [Id] WindowsEditor(7,DESKTOP-DUQUABT) [Debug] 1 [PackageName] WindowsEditor [ProjectName] Editor" joined alternative multi-casting on [225.0.0.222:34997]...

Refreshing native plugins compatible for Editor in 54.31 ms, found 3 plugins.
Preloading 0 native plugins for Editor in 0.00 ms.
Initialize engine version: 2021.3.20f1 (577897200b8b)
[Subsystems] Discovering subsystems at path C:/Program Files/Unity/Hub/Editor/2021.3.20f1/Editor/Data/Resources/UnitySubsystems
[Subsystems] Discovering subsystems at path C:/Users/Root/Documents/Gobl-IN/Assets
GfxDevice: creating device client; threaded=0; jobified=0
Direct3D:
    Version:  Direct3D 11.0 [level 11.1]
    Renderer: NVIDIA GeForce RTX 3060 Ti (ID=0x2489)
    Vendor:   NVIDIA
    VRAM:     8038 MB
    Driver:   31.0.15.2756
Initialize mono
Mono path[0] = 'C:/Program Files/Unity/Hub/Editor/2021.3.20f1/Editor/Data/Managed'
Mono path[1] = 'C:/Program Files/Unity/Hub/Editor/2021.3.20f1/Editor/Data/MonoBleedingEdge/lib/mono/unityjit-win32'
Mono config path = 'C:/Program Files/Unity/Hub/Editor/2021.3.20f1/Editor/Data/MonoBleedingEdge/etc'
Using monoOptions --debugger-agent=transport=dt_socket,embedding=1,server=y,suspend=n,address=127.0.0.1:56776
Begin MonoManager ReloadAssembly
Registering precompiled unity dll's ...
Register platform support module: C:/Program Files/Unity/Hub/Editor/2021.3.20f1/Editor/Data/PlaybackEngines/WebGLSupport/UnityEditor.WebGL.Extensions.dll
Register platform support module: C:/Program Files/Unity/Hub/Editor/2021.3.20f1/Editor/Data/PlaybackEngines/WindowsStandaloneSupport/UnityEditor.WindowsStandalone.Extensions.dll
Registered in 0.006351 seconds.
Native extension for WindowsStandalone target not found
Native extension for WebGL target not found
Refreshing native plugins compatible for Editor in 52.55 ms, found 3 plugins.
Preloading 0 native plugins for Editor in 0.00 ms.
Mono: successfully reloaded assembly
- Completed reload, in  0.662 seconds
Domain Reload Profiling:
	ReloadAssembly (662ms)
		BeginReloadAssembly (62ms)
			ExecutionOrderSort (0ms)
			DisableScriptedObjects (0ms)
			BackupInstance (0ms)
			ReleaseScriptingObjects (0ms)
			CreateAndSetChildDomain (1ms)
		EndReloadAssembly (427ms)
			LoadAssemblies (60ms)
			RebuildTransferFunctionScriptingTraits (0ms)
			SetupTypeCache (187ms)
			ReleaseScriptCaches (0ms)
			RebuildScriptCaches (17ms)
			SetupLoadedEditorAssemblies (187ms)
				LogAssemblyErrors (0ms)
				InitializePlatformSupportModulesInManaged (7ms)
				SetLoadedEditorAssemblies (0ms)
				RefreshPlugins (53ms)
				BeforeProcessingInitializeOnLoad (1ms)
				ProcessInitializeOnLoadAttributes (89ms)
				ProcessInitializeOnLoadMethodAttributes (36ms)
				AfterProcessingInitializeOnLoad (0ms)
				EditorAssembliesLoaded (0ms)
			ExecutionOrderSort2 (0ms)
			AwakeInstancesAfterBackupRestoration (0ms)
Platform modules already initialized, skipping
Registering precompiled user dll's ...
Registered in 0.004526 seconds.
Begin MonoManager ReloadAssembly
Symbol file LoadedFromMemory doesn't match image C:\Users\Root\Documents\Gobl-IN\Library\PackageCache\com.unity.visualscripting@1.8.0\Editor\VisualScripting.Core\Dependencies\YamlDotNet\Unity.VisualScripting.YamlDotNet.dll
Symbol file LoadedFromMemory doesn't match image C:\Users\Root\Documents\Gobl-IN\Library\PackageCache\com.unity.visualscripting@1.8.0\Editor\VisualScripting.Core\Dependencies\DotNetZip\Unity.VisualScripting.IonicZip.dll
Native extension for WindowsStandalone target not found
Native extension for WebGL target not found
Refreshing native plugins compatible for Editor in 0.51 ms, found 3 plugins.
Preloading 0 native plugins for Editor in 0.00 ms.
Mono: successfully reloaded assembly
- Completed reload, in  0.764 seconds
Domain Reload Profiling:
	ReloadAssembly (765ms)
		BeginReloadAssembly (86ms)
			ExecutionOrderSort (0ms)
			DisableScriptedObjects (5ms)
			BackupInstance (0ms)
			ReleaseScriptingObjects (0ms)
			CreateAndSetChildDomain (15ms)
		EndReloadAssembly (604ms)
			LoadAssemblies (63ms)
			RebuildTransferFunctionScriptingTraits (0ms)
			SetupTypeCache (231ms)
			ReleaseScriptCaches (0ms)
			RebuildScriptCaches (35ms)
			SetupLoadedEditorAssemblies (259ms)
				LogAssemblyErrors (0ms)
				InitializePlatformSupportModulesInManaged (5ms)
				SetLoadedEditorAssemblies (0ms)
				RefreshPlugins (1ms)
				BeforeProcessingInitializeOnLoad (58ms)
				ProcessInitializeOnLoadAttributes (174ms)
				ProcessInitializeOnLoadMethodAttributes (14ms)
				AfterProcessingInitializeOnLoad (7ms)
				EditorAssembliesLoaded (0ms)
			ExecutionOrderSort2 (0ms)
			AwakeInstancesAfterBackupRestoration (4ms)
Platform modules already initialized, skipping
========================================================================
Worker process is ready to serve import requests
Launched and connected shader compiler UnityShaderCompiler.exe after 0.10 seconds
Refreshing native plugins compatible for Editor in 0.54 ms, found 3 plugins.
Preloading 0 native plugins for Editor in 0.00 ms.
Unloading 3249 Unused Serialized files (Serialized files now loaded: 0)
Unloading 35 unused Assets / (129.0 KB). Loaded Objects now: 3715.
Memory consumption went from 114.8 MB to 114.7 MB.
Total: 2.404400 ms (FindLiveObjects: 0.227500 ms CreateObjectMapping: 0.120300 ms MarkObjects: 1.980000 ms  DeleteObjects: 0.076000 ms)

AssetImportParameters requested are different than current active one (requested -> active):
  custom:video-decoder-ogg-theora: a1e56fd34408186e4bbccfd4996cb3dc -> 
  custom:container-muxer-webm: aa71ff27fc2769a1b78a27578f13a17b -> 
  custom:container-demuxer-webm: 4f35f7cbe854078d1ac9338744f61a02 -> 
  custom:video-encoder-webm-vp8: eb34c28f22e8b96e1ab97ce403110664 -> 
  custom:audio-encoder-webm-vorbis: bf7c407c2cedff20999df2af8eb42d56 -> 
  custom:framework-win-MediaFoundation: 216162199b28c13a410421893ffa2e32 -> 
  custom:container-demuxer-ogg: 62fdf1f143b41e24485cea50d1cbac27 -> 
  custom:video-decoder-webm-vp8: 9c59270c3fd7afecdb556c50c9e8de78 -> 
  custom:audio-decoder-ogg-vorbis: bf7c407c2cedff20999df2af8eb42d56 -> 
========================================================================
Received Prepare
Registering precompiled user dll's ...
Registered in 0.003893 seconds.
Begin MonoManager ReloadAssembly
Symbol file LoadedFromMemory doesn't match image C:\Users\Root\Documents\Gobl-IN\Library\PackageCache\com.unity.visualscripting@1.8.0\Editor\VisualScripting.Core\Dependencies\YamlDotNet\Unity.VisualScripting.YamlDotNet.dll
Symbol file LoadedFromMemory doesn't match image C:\Users\Root\Documents\Gobl-IN\Library\PackageCache\com.unity.visualscripting@1.8.0\Editor\VisualScripting.Core\Dependencies\DotNetZip\Unity.VisualScripting.IonicZip.dll
Native extension for WindowsStandalone target not found
Native extension for WebGL target not found
Refreshing native plugins compatible for Editor in 0.52 ms, found 3 plugins.
Preloading 0 native plugins for Editor in 0.00 ms.
Mono: successfully reloaded assembly
- Completed reload, in  0.729 seconds
Domain Reload Profiling:
	ReloadAssembly (730ms)
		BeginReloadAssembly (112ms)
			ExecutionOrderSort (0ms)
			DisableScriptedObjects (3ms)
			BackupInstance (0ms)
			ReleaseScriptingObjects (0ms)
			CreateAndSetChildDomain (29ms)
		EndReloadAssembly (549ms)
			LoadAssemblies (69ms)
			RebuildTransferFunctionScriptingTraits (0ms)
			SetupTypeCache (175ms)
			ReleaseScriptCaches (1ms)
			RebuildScriptCaches (33ms)
			SetupLoadedEditorAssemblies (247ms)
				LogAssemblyErrors (0ms)
				InitializePlatformSupportModulesInManaged (6ms)
				SetLoadedEditorAssemblies (0ms)
				RefreshPlugins (1ms)
				BeforeProcessingInitializeOnLoad (52ms)
				ProcessInitializeOnLoadAttributes (164ms)
				ProcessInitializeOnLoadMethodAttributes (15ms)
				AfterProcessingInitializeOnLoad (8ms)
				EditorAssembliesLoaded (0ms)
			ExecutionOrderSort2 (0ms)
			AwakeInstancesAfterBackupRestoration (4ms)
Platform modules already initialized, skipping
Refreshing native plugins compatible for Editor in 1.65 ms, found 3 plugins.
Preloading 0 native plugins for Editor in 0.00 ms.
Unloading 3242 Unused Serialized files (Serialized files now loaded: 0)
Unloading 16 unused Assets / (95.3 KB). Loaded Objects now: 3730.
Memory consumption went from 114.5 MB to 114.4 MB.
Total: 2.570300 ms (FindLiveObjects: 0.214200 ms CreateObjectMapping: 0.131500 ms MarkObjects: 2.186400 ms  DeleteObjects: 0.037500 ms)

AssetImportParameters requested are different than current active one (requested -> active):
  custom:video-decoder-ogg-theora: a1e56fd34408186e4bbccfd4996cb3dc -> 
  custom:container-muxer-webm: aa71ff27fc2769a1b78a27578f13a17b -> 
  custom:container-demuxer-webm: 4f35f7cbe854078d1ac9338744f61a02 -> 
  custom:video-encoder-webm-vp8: eb34c28f22e8b96e1ab97ce403110664 -> 
  custom:audio-encoder-webm-vorbis: bf7c407c2cedff20999df2af8eb42d56 -> 
  custom:framework-win-MediaFoundation: 216162199b28c13a410421893ffa2e32 -> 
  custom:container-demuxer-ogg: 62fdf1f143b41e24485cea50d1cbac27 -> 
  custom:video-decoder-webm-vp8: 9c59270c3fd7afecdb556c50c9e8de78 -> 
  custom:audio-decoder-ogg-vorbis: bf7c407c2cedff20999df2af8eb42d56 -> 
========================================================================
Received Prepare
Registering precompiled user dll's ...
Registered in 0.004064 seconds.
Begin MonoManager ReloadAssembly
Symbol file LoadedFromMemory doesn't match image C:\Users\Root\Documents\Gobl-IN\Library\PackageCache\com.unity.visualscripting@1.8.0\Editor\VisualScripting.Core\Dependencies\YamlDotNet\Unity.VisualScripting.YamlDotNet.dll
Symbol file LoadedFromMemory doesn't match image C:\Users\Root\Documents\Gobl-IN\Library\PackageCache\com.unity.visualscripting@1.8.0\Editor\VisualScripting.Core\Dependencies\DotNetZip\Unity.VisualScripting.IonicZip.dll
Native extension for WindowsStandalone target not found
Native extension for WebGL target not found
Refreshing native plugins compatible for Editor in 0.55 ms, found 3 plugins.
Preloading 0 native plugins for Editor in 0.00 ms.
Mono: successfully reloaded assembly
- Completed reload, in  0.724 seconds
Domain Reload Profiling:
	ReloadAssembly (724ms)
		BeginReloadAssembly (111ms)
			ExecutionOrderSort (0ms)
			DisableScriptedObjects (4ms)
			BackupInstance (0ms)
			ReleaseScriptingObjects (0ms)
			CreateAndSetChildDomain (29ms)
		EndReloadAssembly (545ms)
			LoadAssemblies (70ms)
			RebuildTransferFunctionScriptingTraits (0ms)
			SetupTypeCache (173ms)
			ReleaseScriptCaches (1ms)
			RebuildScriptCaches (32ms)
			SetupLoadedEditorAssemblies (245ms)
				LogAssemblyErrors (0ms)
				InitializePlatformSupportModulesInManaged (6ms)
				SetLoadedEditorAssemblies (0ms)
				RefreshPlugins (1ms)
				BeforeProcessingInitializeOnLoad (51ms)
				ProcessInitializeOnLoadAttributes (166ms)
				ProcessInitializeOnLoadMethodAttributes (14ms)
				AfterProcessingInitializeOnLoad (8ms)
				EditorAssembliesLoaded (0ms)
			ExecutionOrderSort2 (0ms)
			AwakeInstancesAfterBackupRestoration (5ms)
Platform modules already initialized, skipping
Refreshing native plugins compatible for Editor in 1.58 ms, found 3 plugins.
Preloading 0 native plugins for Editor in 0.00 ms.
Unloading 3242 Unused Serialized files (Serialized files now loaded: 0)
Unloading 16 unused Assets / (95.4 KB). Loaded Objects now: 3745.
Memory consumption went from 114.5 MB to 114.4 MB.
Total: 2.755600 ms (FindLiveObjects: 0.298800 ms CreateObjectMapping: 0.155600 ms MarkObjects: 2.255000 ms  DeleteObjects: 0.045500 ms)

AssetImportParameters requested are different than current active one (requested -> active):
  custom:video-decoder-ogg-theora: a1e56fd34408186e4bbccfd4996cb3dc -> 
  custom:container-muxer-webm: aa71ff27fc2769a1b78a27578f13a17b -> 
  custom:container-demuxer-webm: 4f35f7cbe854078d1ac9338744f61a02 -> 
  custom:video-encoder-webm-vp8: eb34c28f22e8b96e1ab97ce403110664 -> 
  custom:audio-encoder-webm-vorbis: bf7c407c2cedff20999df2af8eb42d56 -> 
  custom:framework-win-MediaFoundation: 216162199b28c13a410421893ffa2e32 -> 
  custom:container-demuxer-ogg: 62fdf1f143b41e24485cea50d1cbac27 -> 
  custom:video-decoder-webm-vp8: 9c59270c3fd7afecdb556c50c9e8de78 -> 
  custom:audio-decoder-ogg-vorbis: bf7c407c2cedff20999df2af8eb42d56 -> 
========================================================================
Received Prepare
Registering precompiled user dll's ...
Registered in 0.004590 seconds.
Begin MonoManager ReloadAssembly
Symbol file LoadedFromMemory doesn't match image C:\Users\Root\Documents\Gobl-IN\Library\PackageCache\com.unity.visualscripting@1.8.0\Editor\VisualScripting.Core\Dependencies\YamlDotNet\Unity.VisualScripting.YamlDotNet.dll
Symbol file LoadedFromMemory doesn't match image C:\Users\Root\Documents\Gobl-IN\Library\PackageCache\com.unity.visualscripting@1.8.0\Editor\VisualScripting.Core\Dependencies\DotNetZip\Unity.VisualScripting.IonicZip.dll
Native extension for WindowsStandalone target not found
Native extension for WebGL target not found
Refreshing native plugins compatible for Editor in 0.51 ms, found 3 plugins.
Preloading 0 native plugins for Editor in 0.00 ms.
Mono: successfully reloaded assembly
- Completed reload, in  0.743 seconds
Domain Reload Profiling:
	ReloadAssembly (744ms)
		BeginReloadAssembly (114ms)
			ExecutionOrderSort (0ms)
			DisableScriptedObjects (3ms)
			BackupInstance (0ms)
			ReleaseScriptingObjects (0ms)
			CreateAndSetChildDomain (28ms)
		EndReloadAssembly (560ms)
			LoadAssemblies (70ms)
			RebuildTransferFunctionScriptingTraits (0ms)
			SetupTypeCache (178ms)
			ReleaseScriptCaches (1ms)
			RebuildScriptCaches (32ms)
			SetupLoadedEditorAssemblies (257ms)
				LogAssemblyErrors (0ms)
				InitializePlatformSupportModulesInManaged (6ms)
				SetLoadedEditorAssemblies (0ms)
				RefreshPlugins (1ms)
				BeforeProcessingInitializeOnLoad (56ms)
				ProcessInitializeOnLoadAttributes (172ms)
				ProcessInitializeOnLoadMethodAttributes (14ms)
				AfterProcessingInitializeOnLoad (7ms)
				EditorAssembliesLoaded (0ms)
			ExecutionOrderSort2 (0ms)
			AwakeInstancesAfterBackupRestoration (4ms)
Platform modules already initialized, skipping
Refreshing native plugins compatible for Editor in 1.62 ms, found 3 plugins.
Preloading 0 native plugins for Editor in 0.00 ms.
Unloading 3242 Unused Serialized files (Serialized files now loaded: 0)
Unloading 16 unused Assets / (95.4 KB). Loaded Objects now: 3760.
Memory consumption went from 114.5 MB to 114.4 MB.
Total: 2.555400 ms (FindLiveObjects: 0.215400 ms CreateObjectMapping: 0.138800 ms MarkObjects: 2.158100 ms  DeleteObjects: 0.042500 ms)

AssetImportParameters requested are different than current active one (requested -> active):
  custom:video-decoder-ogg-theora: a1e56fd34408186e4bbccfd4996cb3dc -> 
  custom:container-muxer-webm: aa71ff27fc2769a1b78a27578f13a17b -> 
  custom:container-demuxer-webm: 4f35f7cbe854078d1ac9338744f61a02 -> 
  custom:video-encoder-webm-vp8: eb34c28f22e8b96e1ab97ce403110664 -> 
  custom:audio-encoder-webm-vorbis: bf7c407c2cedff20999df2af8eb42d56 -> 
  custom:framework-win-MediaFoundation: 216162199b28c13a410421893ffa2e32 -> 
  custom:container-demuxer-ogg: 62fdf1f143b41e24485cea50d1cbac27 -> 
  custom:video-decoder-webm-vp8: 9c59270c3fd7afecdb556c50c9e8de78 -> 
  custom:audio-decoder-ogg-vorbis: bf7c407c2cedff20999df2af8eb42d56 -> 
========================================================================
Received Prepare
Registering precompiled user dll's ...
Registered in 0.004282 seconds.
Begin MonoManager ReloadAssembly
Symbol file LoadedFromMemory doesn't match image C:\Users\Root\Documents\Gobl-IN\Library\PackageCache\com.unity.visualscripting@1.8.0\Editor\VisualScripting.Core\Dependencies\YamlDotNet\Unity.VisualScripting.YamlDotNet.dll
Symbol file LoadedFromMemory doesn't match image C:\Users\Root\Documents\Gobl-IN\Library\PackageCache\com.unity.visualscripting@1.8.0\Editor\VisualScripting.Core\Dependencies\DotNetZip\Unity.VisualScripting.IonicZip.dll
Native extension for WindowsStandalone target not found
Native extension for WebGL target not found
Refreshing native plugins compatible for Editor in 0.47 ms, found 3 plugins.
Preloading 0 native plugins for Editor in 0.00 ms.
Mono: successfully reloaded assembly
- Completed reload, in  0.711 seconds
Domain Reload Profiling:
	ReloadAssembly (712ms)
		BeginReloadAssembly (113ms)
			ExecutionOrderSort (0ms)
			DisableScriptedObjects (4ms)
			BackupInstance (0ms)
			ReleaseScriptingObjects (0ms)
			CreateAndSetChildDomain (27ms)
		EndReloadAssembly (530ms)
			LoadAssemblies (71ms)
			RebuildTransferFunctionScriptingTraits (0ms)
			SetupTypeCache (169ms)
			ReleaseScriptCaches (1ms)
			RebuildScriptCaches (31ms)
			SetupLoadedEditorAssemblies (238ms)
				LogAssemblyErrors (0ms)
				InitializePlatformSupportModulesInManaged (6ms)
				SetLoadedEditorAssemblies (0ms)
				RefreshPlugins (1ms)
				BeforeProcessingInitializeOnLoad (50ms)
				ProcessInitializeOnLoadAttributes (159ms)
				ProcessInitializeOnLoadMethodAttributes (16ms)
				AfterProcessingInitializeOnLoad (8ms)
				EditorAssembliesLoaded (0ms)
			ExecutionOrderSort2 (0ms)
			AwakeInstancesAfterBackupRestoration (4ms)
Platform modules already initialized, skipping
Refreshing native plugins compatible for Editor in 1.49 ms, found 3 plugins.
Preloading 0 native plugins for Editor in 0.00 ms.
Unloading 3242 Unused Serialized files (Serialized files now loaded: 0)
Unloading 16 unused Assets / (95.4 KB). Loaded Objects now: 3775.
Memory consumption went from 114.5 MB to 114.4 MB.
Total: 2.634800 ms (FindLiveObjects: 0.223400 ms CreateObjectMapping: 0.151900 ms MarkObjects: 2.220900 ms  DeleteObjects: 0.038300 ms)

AssetImportParameters requested are different than current active one (requested -> active):
  custom:video-decoder-ogg-theora: a1e56fd34408186e4bbccfd4996cb3dc -> 
  custom:container-muxer-webm: aa71ff27fc2769a1b78a27578f13a17b -> 
  custom:container-demuxer-webm: 4f35f7cbe854078d1ac9338744f61a02 -> 
  custom:video-encoder-webm-vp8: eb34c28f22e8b96e1ab97ce403110664 -> 
  custom:audio-encoder-webm-vorbis: bf7c407c2cedff20999df2af8eb42d56 -> 
  custom:framework-win-MediaFoundation: 216162199b28c13a410421893ffa2e32 -> 
  custom:container-demuxer-ogg: 62fdf1f143b41e24485cea50d1cbac27 -> 
  custom:video-decoder-webm-vp8: 9c59270c3fd7afecdb556c50c9e8de78 -> 
  custom:audio-decoder-ogg-vorbis: bf7c407c2cedff20999df2af8eb42d56 -> 
========================================================================
Received Prepare
Registering precompiled user dll's ...
Registered in 0.004249 seconds.
Begin MonoManager ReloadAssembly
Symbol file LoadedFromMemory doesn't match image C:\Users\Root\Documents\Gobl-IN\Library\PackageCache\com.unity.visualscripting@1.8.0\Editor\VisualScripting.Core\Dependencies\YamlDotNet\Unity.VisualScripting.YamlDotNet.dll
Symbol file LoadedFromMemory doesn't match image C:\Users\Root\Documents\Gobl-IN\Library\PackageCache\com.unity.visualscripting@1.8.0\Editor\VisualScripting.Core\Dependencies\DotNetZip\Unity.VisualScripting.IonicZip.dll
Native extension for WindowsStandalone target not found
Native extension for WebGL target not found
Refreshing native plugins compatible for Editor in 0.54 ms, found 3 plugins.
Preloading 0 native plugins for Editor in 0.00 ms.
Mono: successfully reloaded assembly
- Completed reload, in  0.716 seconds
Domain Reload Profiling:
	ReloadAssembly (717ms)
		BeginReloadAssembly (111ms)
			ExecutionOrderSort (0ms)
			DisableScriptedObjects (3ms)
			BackupInstance (0ms)
			ReleaseScriptingObjects (0ms)
			CreateAndSetChildDomain (27ms)
		EndReloadAssembly (532ms)
			LoadAssemblies (70ms)
			RebuildTransferFunctionScriptingTraits (0ms)
			SetupTypeCache (169ms)
			ReleaseScriptCaches (1ms)
			RebuildScriptCaches (31ms)
			SetupLoadedEditorAssemblies (243ms)
				LogAssemblyErrors (0ms)
				InitializePlatformSupportModulesInManaged (6ms)
				SetLoadedEditorAssemblies (0ms)
				RefreshPlugins (1ms)
				BeforeProcessingInitializeOnLoad (49ms)
				ProcessInitializeOnLoadAttributes (164ms)
				ProcessInitializeOnLoadMethodAttributes (13ms)
				AfterProcessingInitializeOnLoad (9ms)
				EditorAssembliesLoaded (0ms)
			ExecutionOrderSort2 (0ms)
			AwakeInstancesAfterBackupRestoration (4ms)
Platform modules already initialized, skipping
Refreshing native plugins compatible for Editor in 1.62 ms, found 3 plugins.
Preloading 0 native plugins for Editor in 0.00 ms.
Unloading 3242 Unused Serialized files (Serialized files now loaded: 0)
Unloading 16 unused Assets / (95.3 KB). Loaded Objects now: 3790.
Memory consumption went from 114.5 MB to 114.4 MB.
Total: 2.393900 ms (FindLiveObjects: 0.200200 ms CreateObjectMapping: 0.099200 ms MarkObjects: 2.060000 ms  DeleteObjects: 0.034000 ms)

AssetImportParameters requested are different than current active one (requested -> active):
  custom:video-decoder-ogg-theora: a1e56fd34408186e4bbccfd4996cb3dc -> 
  custom:container-muxer-webm: aa71ff27fc2769a1b78a27578f13a17b -> 
  custom:container-demuxer-webm: 4f35f7cbe854078d1ac9338744f61a02 -> 
  custom:video-encoder-webm-vp8: eb34c28f22e8b96e1ab97ce403110664 -> 
  custom:audio-encoder-webm-vorbis: bf7c407c2cedff20999df2af8eb42d56 -> 
  custom:framework-win-MediaFoundation: 216162199b28c13a410421893ffa2e32 -> 
  custom:container-demuxer-ogg: 62fdf1f143b41e24485cea50d1cbac27 -> 
  custom:video-decoder-webm-vp8: 9c59270c3fd7afecdb556c50c9e8de78 -> 
  custom:audio-decoder-ogg-vorbis: bf7c407c2cedff20999df2af8eb42d56 -> 
========================================================================
Received Prepare
Registering precompiled user dll's ...
Registered in 0.005789 seconds.
Begin MonoManager ReloadAssembly
Symbol file LoadedFromMemory doesn't match image C:\Users\Root\Documents\Gobl-IN\Library\PackageCache\com.unity.visualscripting@1.8.0\Editor\VisualScripting.Core\Dependencies\YamlDotNet\Unity.VisualScripting.YamlDotNet.dll
Symbol file LoadedFromMemory doesn't match image C:\Users\Root\Documents\Gobl-IN\Library\PackageCache\com.unity.visualscripting@1.8.0\Editor\VisualScripting.Core\Dependencies\DotNetZip\Unity.VisualScripting.IonicZip.dll
Native extension for WindowsStandalone target not found
Native extension for WebGL target not found
Refreshing native plugins compatible for Editor in 0.59 ms, found 3 plugins.
Preloading 0 native plugins for Editor in 0.00 ms.
Mono: successfully reloaded assembly
- Completed reload, in  1.475 seconds
Domain Reload Profiling:
	ReloadAssembly (1480ms)
		BeginReloadAssembly (711ms)
			ExecutionOrderSort (0ms)
			DisableScriptedObjects (49ms)
			BackupInstance (0ms)
			ReleaseScriptingObjects (0ms)
			CreateAndSetChildDomain (291ms)
		EndReloadAssembly (672ms)
			LoadAssemblies (145ms)
			RebuildTransferFunctionScriptingTraits (0ms)
			SetupTypeCache (239ms)
			ReleaseScriptCaches (2ms)
			RebuildScriptCaches (35ms)
			SetupLoadedEditorAssemblies (286ms)
				LogAssemblyErrors (0ms)
				InitializePlatformSupportModulesInManaged (6ms)
				SetLoadedEditorAssemblies (1ms)
				RefreshPlugins (1ms)
				BeforeProcessingInitializeOnLoad (55ms)
				ProcessInitializeOnLoadAttributes (198ms)
				ProcessInitializeOnLoadMethodAttributes (16ms)
				AfterProcessingInitializeOnLoad (8ms)
				EditorAssembliesLoaded (0ms)
			ExecutionOrderSort2 (0ms)
			AwakeInstancesAfterBackupRestoration (5ms)
Platform modules already initialized, skipping
Refreshing native plugins compatible for Editor in 1.93 ms, found 3 plugins.
Preloading 0 native plugins for Editor in 0.00 ms.
Unloading 3242 Unused Serialized files (Serialized files now loaded: 0)
Unloading 16 unused Assets / (95.4 KB). Loaded Objects now: 3805.
Memory consumption went from 114.6 MB to 114.5 MB.
Total: 6.321100 ms (FindLiveObjects: 0.289800 ms CreateObjectMapping: 0.116900 ms MarkObjects: 5.876200 ms  DeleteObjects: 0.037800 ms)

AssetImportParameters requested are different than current active one (requested -> active):
  custom:video-decoder-ogg-theora: a1e56fd34408186e4bbccfd4996cb3dc -> 
  custom:container-muxer-webm: aa71ff27fc2769a1b78a27578f13a17b -> 
  custom:container-demuxer-webm: 4f35f7cbe854078d1ac9338744f61a02 -> 
  custom:video-encoder-webm-vp8: eb34c28f22e8b96e1ab97ce403110664 -> 
  custom:audio-encoder-webm-vorbis: bf7c407c2cedff20999df2af8eb42d56 -> 
  custom:framework-win-MediaFoundation: 216162199b28c13a410421893ffa2e32 -> 
  custom:container-demuxer-ogg: 62fdf1f143b41e24485cea50d1cbac27 -> 
  custom:video-decoder-webm-vp8: 9c59270c3fd7afecdb556c50c9e8de78 -> 
  custom:audio-decoder-ogg-vorbis: bf7c407c2cedff20999df2af8eb42d56 -> 
========================================================================
Received Import Request.
  Time since last request: 855327.348810 seconds.
  path: Assets/RPG Monster Duo PBR Polyart
  artifactKey: Guid(95fcc45ed8ab25940b37d871ebcdd17e) Importer(815301076,1909f56bfc062723c751e8b465ee728b)
Start importing Assets/RPG Monster Duo PBR Polyart using Guid(95fcc45ed8ab25940b37d871ebcdd17e) Importer(815301076,1909f56bfc062723c751e8b465ee728b)  -> (artifact id: '7e013c20ecb91566daedb650abb13982') in 0.018276 seconds 
========================================================================
Received Import Request.
  Time since last request: 5.464034 seconds.
  path: Assets/RPG Monster Duo PBR Polyart/Materials
  artifactKey: Guid(a9542135e3940dd449ec2cf59b7d110c) Importer(815301076,1909f56bfc062723c751e8b465ee728b)
Start importing Assets/RPG Monster Duo PBR Polyart/Materials using Guid(a9542135e3940dd449ec2cf59b7d110c) Importer(815301076,1909f56bfc062723c751e8b465ee728b)  -> (artifact id: '549b8086fdd29218e337c44eb69ff4f4') in 0.033742 seconds 
========================================================================
Received Import Request.
  Time since last request: 0.326454 seconds.
  path: Assets/RPG Monster Duo PBR Polyart/Meshes
  artifactKey: Guid(206397375804bf34b866bcf1f881c950) Importer(815301076,1909f56bfc062723c751e8b465ee728b)
Start importing Assets/RPG Monster Duo PBR Polyart/Meshes using Guid(206397375804bf34b866bcf1f881c950) Importer(815301076,1909f56bfc062723c751e8b465ee728b)  -> (artifact id: 'ead839055930784255dfcc592dc60b94') in 0.007691 seconds 
========================================================================
Received Import Request.
  Time since last request: 0.065421 seconds.
  path: Assets/RPG Monster Duo PBR Polyart/Meshes/SlimeMesh.fbx
  artifactKey: Guid(1f499d0eded7a4245b0c36149a43da4f) Importer(815301076,1909f56bfc062723c751e8b465ee728b)
Start importing Assets/RPG Monster Duo PBR Polyart/Meshes/SlimeMesh.fbx using Guid(1f499d0eded7a4245b0c36149a43da4f) Importer(815301076,1909f56bfc062723c751e8b465ee728b)  -> (artifact id: '94f2fb87ecdef6327c94b0b3fc38a371') in 0.291956 seconds 
========================================================================
Received Import Request.
  Time since last request: 0.000019 seconds.
  path: Assets/RPG Monster Duo PBR Polyart/Meshes/StageMesh.fbx
  artifactKey: Guid(550cdd9b4c76ad645b99cd9eea1bb745) Importer(815301076,1909f56bfc062723c751e8b465ee728b)
Start importing Assets/RPG Monster Duo PBR Polyart/Meshes/StageMesh.fbx using Guid(550cdd9b4c76ad645b99cd9eea1bb745) Importer(815301076,1909f56bfc062723c751e8b465ee728b)  -> (artifact id: '304fc4c24b050f59180d9c2e77bc1010') in 0.047646 seconds 
========================================================================
Received Import Request.
  Time since last request: 0.000024 seconds.
  path: Assets/RPG Monster Duo PBR Polyart/Meshes/TurtleShellMeshPBR.fbx
  artifactKey: Guid(0d3c605385d6d9547a1e3f24e8248962) Importer(815301076,1909f56bfc062723c751e8b465ee728b)
Start importing Assets/RPG Monster Duo PBR Polyart/Meshes/TurtleShellMeshPBR.fbx using Guid(0d3c605385d6d9547a1e3f24e8248962) Importer(815301076,1909f56bfc062723c751e8b465ee728b)  -> (artifact id: 'a9584d70d539528f53906f17c5ce57ab') in 0.031912 seconds 
========================================================================
Received Import Request.
  Time since last request: 61.140561 seconds.
  path: Assets/models
  artifactKey: Guid(7d5c4175a062308478dfe429cb9fc585) Importer(815301076,1909f56bfc062723c751e8b465ee728b)
Start importing Assets/models using Guid(7d5c4175a062308478dfe429cb9fc585) Importer(815301076,1909f56bfc062723c751e8b465ee728b)  -> (artifact id: '88c5f5d262e1a6b24eb505b1eb1ea2be') in 0.008304 seconds 
========================================================================
Received Import Request.
  Time since last request: 0.052665 seconds.
  path: Assets/models/mine.fbx
  artifactKey: Guid(4785429ea5da132409ca424672be6ece) Importer(815301076,1909f56bfc062723c751e8b465ee728b)
Start importing Assets/models/mine.fbx using Guid(4785429ea5da132409ca424672be6ece) Importer(815301076,1909f56bfc062723c751e8b465ee728b)  -> (artifact id: 'f81925c5a3ed80e8e5c8a9382b9b730c') in 0.115347 seconds 
========================================================================
Received Import Request.
  Time since last request: 69.225369 seconds.
  path: Assets/textures/New Material.mat
  artifactKey: Guid(e76bc89ba0e80514083293e4c785e368) Importer(815301076,1909f56bfc062723c751e8b465ee728b)
Start importing Assets/textures/New Material.mat using Guid(e76bc89ba0e80514083293e4c785e368) Importer(815301076,1909f56bfc062723c751e8b465ee728b)  -> (artifact id: '21ca5c41a516c8921e747985adec8356') in 0.130302 seconds 
========================================================================
Received Import Request.
  Time since last request: 30.699711 seconds.
  path: Assets/models/New Material.mat
  artifactKey: Guid(ed5fe50f1866db84caf265c162726971) Importer(815301076,1909f56bfc062723c751e8b465ee728b)
Start importing Assets/models/New Material.mat using Guid(ed5fe50f1866db84caf265c162726971) Importer(815301076,1909f56bfc062723c751e8b465ee728b)  -> (artifact id: '175a8b374ba549a7a6d5f4fb3612f9aa') in 0.011728 seconds 
========================================================================
Received Import Request.
  Time since last request: 123.754259 seconds.
  path: Assets/models/mine.gltf
  artifactKey: Guid(6ee4f9020ffd90e46a2f81cb24c71a98) Importer(815301076,1909f56bfc062723c751e8b465ee728b)
Start importing Assets/models/mine.gltf using Guid(6ee4f9020ffd90e46a2f81cb24c71a98) Importer(815301076,1909f56bfc062723c751e8b465ee728b)  -> (artifact id: 'aade719be1f79be8a41646eb1bca93b6') in 0.008922 seconds 
========================================================================
Received Import Request.
  Time since last request: 12.628256 seconds.
  path: Assets/models/mine.obj
  artifactKey: Guid(a9970902721083a41ba001a9519cee38) Importer(815301076,1909f56bfc062723c751e8b465ee728b)
Start importing Assets/models/mine.obj using Guid(a9970902721083a41ba001a9519cee38) Importer(815301076,1909f56bfc062723c751e8b465ee728b)  -> (artifact id: '32d86877d3c5090c128239507064293f') in 0.025094 seconds 
========================================================================
Received Import Request.
  Time since last request: 94.271623 seconds.
  path: Assets/models/mine.mtl
  artifactKey: Guid(5c2cb725eaae41146bd2d3355120aad6) Importer(815301076,1909f56bfc062723c751e8b465ee728b)
Start importing Assets/models/mine.mtl using Guid(5c2cb725eaae41146bd2d3355120aad6) Importer(815301076,1909f56bfc062723c751e8b465ee728b)  -> (artifact id: '3686fba7e199123967b1714cbee728d3') in 0.006252 seconds 
========================================================================
Received Prepare
Registering precompiled user dll's ...
Registered in 0.004668 seconds.
Begin MonoManager ReloadAssembly
Symbol file LoadedFromMemory doesn't match image C:\Users\Root\Documents\Gobl-IN\Library\PackageCache\com.unity.visualscripting@1.8.0\Editor\VisualScripting.Core\Dependencies\YamlDotNet\Unity.VisualScripting.YamlDotNet.dll
Symbol file LoadedFromMemory doesn't match image C:\Users\Root\Documents\Gobl-IN\Library\PackageCache\com.unity.visualscripting@1.8.0\Editor\VisualScripting.Core\Dependencies\DotNetZip\Unity.VisualScripting.IonicZip.dll
Native extension for WindowsStandalone target not found
Native extension for WebGL target not found
Refreshing native plugins compatible for Editor in 0.54 ms, found 3 plugins.
Preloading 0 native plugins for Editor in 0.00 ms.
Mono: successfully reloaded assembly
- Completed reload, in  0.756 seconds
Domain Reload Profiling:
	ReloadAssembly (757ms)
		BeginReloadAssembly (116ms)
			ExecutionOrderSort (0ms)
			DisableScriptedObjects (3ms)
			BackupInstance (0ms)
			ReleaseScriptingObjects (0ms)
			CreateAndSetChildDomain (30ms)
		EndReloadAssembly (566ms)
			LoadAssemblies (76ms)
			RebuildTransferFunctionScriptingTraits (0ms)
			SetupTypeCache (180ms)
			ReleaseScriptCaches (1ms)
			RebuildScriptCaches (33ms)
			SetupLoadedEditorAssemblies (255ms)
				LogAssemblyErrors (0ms)
				InitializePlatformSupportModulesInManaged (6ms)
				SetLoadedEditorAssemblies (0ms)
				RefreshPlugins (1ms)
				BeforeProcessingInitializeOnLoad (54ms)
				ProcessInitializeOnLoadAttributes (170ms)
				ProcessInitializeOnLoadMethodAttributes (16ms)
				AfterProcessingInitializeOnLoad (8ms)
				EditorAssembliesLoaded (0ms)
			ExecutionOrderSort2 (0ms)
			AwakeInstancesAfterBackupRestoration (5ms)
Platform modules already initialized, skipping
Refreshing native plugins compatible for Editor in 1.43 ms, found 3 plugins.
Preloading 0 native plugins for Editor in 0.00 ms.
Unloading 3242 Unused Serialized files (Serialized files now loaded: 0)
Unloading 16 unused Assets / (95.4 KB). Loaded Objects now: 3866.
Memory consumption went from 132.0 MB to 131.9 MB.
Total: 2.605100 ms (FindLiveObjects: 0.205300 ms CreateObjectMapping: 0.114700 ms MarkObjects: 2.254700 ms  DeleteObjects: 0.029600 ms)

AssetImportParameters requested are different than current active one (requested -> active):
  custom:video-decoder-ogg-theora: a1e56fd34408186e4bbccfd4996cb3dc -> 
  custom:container-muxer-webm: aa71ff27fc2769a1b78a27578f13a17b -> 
  custom:container-demuxer-webm: 4f35f7cbe854078d1ac9338744f61a02 -> 
  custom:video-encoder-webm-vp8: eb34c28f22e8b96e1ab97ce403110664 -> 
  custom:audio-encoder-webm-vorbis: bf7c407c2cedff20999df2af8eb42d56 -> 
  custom:framework-win-MediaFoundation: 216162199b28c13a410421893ffa2e32 -> 
  custom:container-demuxer-ogg: 62fdf1f143b41e24485cea50d1cbac27 -> 
  custom:video-decoder-webm-vp8: 9c59270c3fd7afecdb556c50c9e8de78 -> 
  custom:audio-decoder-ogg-vorbis: bf7c407c2cedff20999df2af8eb42d56 -> 
========================================================================
Received Import Request.
  Time since last request: 442.718505 seconds.
  path: Assets/models/texture.png
  artifactKey: Guid(0952e8531f21cd345b2dfe5fbe0aabbb) Importer(815301076,1909f56bfc062723c751e8b465ee728b)
Start importing Assets/models/texture.png using Guid(0952e8531f21cd345b2dfe5fbe0aabbb) Importer(815301076,1909f56bfc062723c751e8b465ee728b)  -> (artifact id: '1b559bee3ede8661aedc76c1c36ec74b') in 0.043607 seconds 
========================================================================
Received Import Request.
  Time since last request: 27.179941 seconds.
  path: Assets/models/mine.fbx
  artifactKey: Guid(4785429ea5da132409ca424672be6ece) Importer(815301076,1909f56bfc062723c751e8b465ee728b)
Start importing Assets/models/mine.fbx using Guid(4785429ea5da132409ca424672be6ece) Importer(815301076,1909f56bfc062723c751e8b465ee728b)  -> (artifact id: '6e44ea5b4f0089255352c287b44d528e') in 0.086688 seconds 
========================================================================
Received Import Request.
  Time since last request: 18.153633 seconds.
  path: Assets/models/texture.png
  artifactKey: Guid(0952e8531f21cd345b2dfe5fbe0aabbb) Importer(815301076,1909f56bfc062723c751e8b465ee728b)
Start importing Assets/models/texture.png using Guid(0952e8531f21cd345b2dfe5fbe0aabbb) Importer(815301076,1909f56bfc062723c751e8b465ee728b)  -> (artifact id: '69b81a76f6b749b25ae36525283934f2') in 0.004816 seconds 
========================================================================
Received Import Request.
  Time since last request: 380.525010 seconds.
  path: Assets/models/texture.png
  artifactKey: Guid(0952e8531f21cd345b2dfe5fbe0aabbb) Importer(815301076,1909f56bfc062723c751e8b465ee728b)
Start importing Assets/models/texture.png using Guid(0952e8531f21cd345b2dfe5fbe0aabbb) Importer(815301076,1909f56bfc062723c751e8b465ee728b)  -> (artifact id: 'bc518c8855c0623c9042fa08e2d8d876') in 0.005657 seconds 
========================================================================
Received Import Request.
  Time since last request: 36193.405369 seconds.
  path: Assets/models/bomb.obj
  artifactKey: Guid(0101cdb5a78bbe0469cebe24646661e3) Importer(815301076,1909f56bfc062723c751e8b465ee728b)
Start importing Assets/models/bomb.obj using Guid(0101cdb5a78bbe0469cebe24646661e3) Importer(815301076,1909f56bfc062723c751e8b465ee728b)  -> (artifact id: '6208016b84b9a85b52ef81952470b208') in 0.748184 seconds 
========================================================================
Received Import Request.
  Time since last request: 19.605621 seconds.
  path: Assets/models/New Material 1.mat
  artifactKey: Guid(0a31278a77ad5414ba1a71f5c7cce59c) Importer(815301076,1909f56bfc062723c751e8b465ee728b)
Start importing Assets/models/New Material 1.mat using Guid(0a31278a77ad5414ba1a71f5c7cce59c) Importer(815301076,1909f56bfc062723c751e8b465ee728b)  -> (artifact id: '6da6c7cc0250b29a016ae482fb51f94e') in 0.012268 seconds 
========================================================================
Received Import Request.
  Time since last request: 106.358983 seconds.
  path: Assets/models/Bomb_material.mat
  artifactKey: Guid(d4b20c687fae3e64b817d4e868f53e56) Importer(815301076,1909f56bfc062723c751e8b465ee728b)
Start importing Assets/models/Bomb_material.mat using Guid(d4b20c687fae3e64b817d4e868f53e56) Importer(815301076,1909f56bfc062723c751e8b465ee728b)  -> (artifact id: '47bc585c3a3553baa5c0c604f8b5c94a') in 0.013307 seconds 
========================================================================
Received Import Request.
  Time since last request: 81.730446 seconds.
  path: Assets/models/texture.png
  artifactKey: Guid(0952e8531f21cd345b2dfe5fbe0aabbb) Importer(815301076,1909f56bfc062723c751e8b465ee728b)
Start importing Assets/models/texture.png using Guid(0952e8531f21cd345b2dfe5fbe0aabbb) Importer(815301076,1909f56bfc062723c751e8b465ee728b)  -> (artifact id: 'ff6e0656a5b0645a340be2991468bce2') in 0.159450 seconds 
========================================================================
Received Import Request.
  Time since last request: 109.952039 seconds.
  path: Assets/models/Bomb_material.mat
  artifactKey: Guid(d4b20c687fae3e64b817d4e868f53e56) Importer(815301076,1909f56bfc062723c751e8b465ee728b)
Start importing Assets/models/Bomb_material.mat using Guid(d4b20c687fae3e64b817d4e868f53e56) Importer(815301076,1909f56bfc062723c751e8b465ee728b)  -> (artifact id: 'dbc7b5abc6c76879f476a0aee44d6d09') in 0.118265 seconds 
========================================================================
Received Import Request.
  Time since last request: 1789.047459 seconds.
  path: Assets/models/Bomb_material.mat
  artifactKey: Guid(d4b20c687fae3e64b817d4e868f53e56) Importer(815301076,1909f56bfc062723c751e8b465ee728b)
Start importing Assets/models/Bomb_material.mat using Guid(d4b20c687fae3e64b817d4e868f53e56) Importer(815301076,1909f56bfc062723c751e8b465ee728b)  -> (artifact id: 'c7812c45342496bc7338a46f3714ba0d') in 0.021803 seconds 
========================================================================
Received Import Request.
  Time since last request: 0.000014 seconds.
  path: Assets/models/texture.png
  artifactKey: Guid(0952e8531f21cd345b2dfe5fbe0aabbb) Importer(815301076,1909f56bfc062723c751e8b465ee728b)
Start importing Assets/models/texture.png using Guid(0952e8531f21cd345b2dfe5fbe0aabbb) Importer(815301076,1909f56bfc062723c751e8b465ee728b)  -> (artifact id: '9c1630a6b33c8a82864319d85bbd238a') in 0.024929 seconds 
========================================================================
Received Import Request.
  Time since last request: 88.221955 seconds.
  path: Assets/models/bomb
  artifactKey: Guid(f16a420ee5198824693e010b9a8f18f7) Importer(815301076,1909f56bfc062723c751e8b465ee728b)
Start importing Assets/models/bomb using Guid(f16a420ee5198824693e010b9a8f18f7) Importer(815301076,1909f56bfc062723c751e8b465ee728b)  -> (artifact id: '8b8a9b00d61fdfc33e3f49d52bb00e74') in 0.001948 seconds 
========================================================================
Received Import Request.
  Time since last request: 0.073533 seconds.
  path: Assets/models/bomb/model.obj
  artifactKey: Guid(b7cf6c31c59c62b43b0463e1a3ebe0b5) Importer(815301076,1909f56bfc062723c751e8b465ee728b)
Start importing Assets/models/bomb/model.obj using Guid(b7cf6c31c59c62b43b0463e1a3ebe0b5) Importer(815301076,1909f56bfc062723c751e8b465ee728b)  -> (artifact id: '395ce0c053f3ce558ec956f7544c3721') in 0.020964 seconds 
========================================================================
Received Import Request.
  Time since last request: 15.474233 seconds.
  path: Assets/models/bomb/New Material.mat
  artifactKey: Guid(9fc0570d9a4ac82458ab239b5cfbddc1) Importer(815301076,1909f56bfc062723c751e8b465ee728b)
Start importing Assets/models/bomb/New Material.mat using Guid(9fc0570d9a4ac82458ab239b5cfbddc1) Importer(815301076,1909f56bfc062723c751e8b465ee728b)  -> (artifact id: 'f90c802404788007ab92aec27c165d20') in 0.014563 seconds 
========================================================================
Received Import Request.
  Time since last request: 25.219333 seconds.
  path: Assets/models/bomb/texture.png
  artifactKey: Guid(e488f52058f8e484c83340b550333666) Importer(815301076,1909f56bfc062723c751e8b465ee728b)
Start importing Assets/models/bomb/texture.png using Guid(e488f52058f8e484c83340b550333666) Importer(815301076,1909f56bfc062723c751e8b465ee728b)  -> (artifact id: 'b0109d2ee8890be78aacadd024b59c8f') in 0.007494 seconds 
========================================================================
Received Import Request.
  Time since last request: 4.358881 seconds.
  path: Assets/models/mine
  artifactKey: Guid(0db6dc11fd91b2d49a465fbf05848e04) Importer(815301076,1909f56bfc062723c751e8b465ee728b)
Start importing Assets/models/mine using Guid(0db6dc11fd91b2d49a465fbf05848e04) Importer(815301076,1909f56bfc062723c751e8b465ee728b)  -> (artifact id: '7a0fc7882c5375c534bcf751f9cce940') in 0.001875 seconds 
========================================================================
Received Import Request.
  Time since last request: 0.051772 seconds.
  path: Assets/models/mine/mine.obj
  artifactKey: Guid(27a1d09cf01df8a4f89b35342c7ba40e) Importer(815301076,1909f56bfc062723c751e8b465ee728b)
Start importing Assets/models/mine/mine.obj using Guid(27a1d09cf01df8a4f89b35342c7ba40e) Importer(815301076,1909f56bfc062723c751e8b465ee728b)  -> (artifact id: '0dec81d08945d62b5f8e535252380007') in 0.016825 seconds 
========================================================================
Received Import Request.
  Time since last request: 4.751305 seconds.
  path: Assets/models/mine/New Material.mat
  artifactKey: Guid(52e3f8c201a6779428572e3594bb4b6c) Importer(815301076,1909f56bfc062723c751e8b465ee728b)
Start importing Assets/models/mine/New Material.mat using Guid(52e3f8c201a6779428572e3594bb4b6c) Importer(815301076,1909f56bfc062723c751e8b465ee728b)  -> (artifact id: '3c9ce4f03038f3a0105cd85de51d2aa9') in 0.010209 seconds 
========================================================================
Received Import Request.
  Time since last request: 10.027372 seconds.
  path: Assets/models/mine/texture.png
  artifactKey: Guid(f7133fc03013cd642b44a654540474e9) Importer(815301076,1909f56bfc062723c751e8b465ee728b)
Start importing Assets/models/mine/texture.png using Guid(f7133fc03013cd642b44a654540474e9) Importer(815301076,1909f56bfc062723c751e8b465ee728b)  -> (artifact id: 'baf2d0c7b8339493b403d844504386fc') in 0.004843 seconds 
